2018-05-09 15:32:22,473 WARNING start
2018-05-09 15:34:31,476 INFO start api
2018-05-09 15:37:26,300 INFO start api
2018-05-09 15:41:04,677 INFO start api' 
2018-05-09 15:41:52,971 INFO 'start api' 
2018-05-09 16:59:36,509 ERROR '接口请求错误' 
2018-05-09 16:59:57,045 ERROR '接口请求错误' 
2018-05-09 17:00:46,258 ERROR '接口请求错误' 
2018-05-09 17:09:19,840 INFO 'request http://xtapi.yx/v3/searchQuestion' 
2018-05-09 17:16:55,015 INFO 'request http://xtapi.yx/v3/searchQuestion' 
2018-05-09 19:11:10,846 ERROR '接口请求错误' 
2018-05-09 19:11:11,984 INFO 'request http://xtapi.yx/v3/searchTag' 
2018-05-09 19:12:08,318 INFO 'request http://xtapi.yx/v3/searchQuestion' 
2018-05-09 19:12:08,336 INFO 'request http://xtapi.yx/v3/searchTag' 
2018-05-09 19:13:05,954 INFO 'request http://xtapi.yx/v3/searchQuestion' 
2018-05-09 19:13:05,973 INFO 'request http://xtapi.yx/v3/searchTag' 
2018-05-09 19:14:27,494 INFO 'request http://xtapi.yx/v3/searchQuestion' 
2018-05-09 19:14:27,512 INFO 'request http://xtapi.yx/v3/searchTag' 
2018-05-09 19:29:59,640 INFO 'request http://xtapi.yx/v3/searchQuestion' 
2018-05-09 19:29:59,658 INFO 'request http://xtapi.yx/v3/searchTag' 
2018-05-09 19:31:32,680 INFO 'request http://xtapi.yx/v3/searchQuestion' 
2018-05-09 19:31:32,700 INFO 'request http://xtapi.yx/v3/searchTag' 
2018-05-09 19:34:51,146 INFO 'request http://xtapi.yx/v3/searchQuestion' 
2018-05-09 19:34:51,164 INFO 'request http://xtapi.yx/v3/searchTag' 
2018-05-10 14:47:10,684 INFO 'request http://xtapi.yx/v3/searchQuestion' 
2018-05-10 14:47:10,751 INFO 'request http://xtapi.yx/v3/searchTag' 
2018-05-10 14:47:10,789 INFO 'request http://xtapi.yx/v3/searchQuestion' 
2018-05-10 14:47:10,820 INFO 'request http://xtapi.yx/v3/searchTag' 
2018-05-10 14:49:04,104 INFO 'request http://xtapi.yx/v3/searchQuestion' 
2018-05-10 14:49:04,123 INFO 'request http://xtapi.yx/v3/searchTag' 
2018-05-10 14:49:04,143 INFO 'request http://xtapi.yx/v3/searchQuestion' 
2018-05-10 14:49:04,162 INFO 'request http://xtapi.yx/v3/searchTag' 
2018-05-10 15:34:23,976 INFO 'request http://xtapi.yx/v3/searchQuestion' 
2018-05-10 15:34:23,992 INFO 'request http://xtapi.yx/v3/searchTag' 
2018-05-10 15:34:24,009 INFO 'request http://xtapi.yx/v3/searchQuestion' 
2018-05-10 15:34:24,024 INFO 'request http://xtapi.yx/v3/searchTag' 
2018-05-10 15:37:12,569 INFO 'request http://xtapi.yx/v3/searchQuestion' 
2018-05-10 15:37:12,597 INFO 'request http://xtapi.yx/v3/searchTag' 
2018-05-10 15:37:12,646 INFO 'request http://xtapi.yx/v3/searchQuestion' 
2018-05-10 15:37:12,870 INFO 'request http://xtapi.yx/v3/searchTag' 
2018-05-10 15:37:17,135 ERROR '邮箱配置错误' 
2018-05-10 15:38:29,761 INFO 'request http://xtapi.yx/v3/searchQuestion' 
2018-05-10 15:38:29,777 INFO 'request http://xtapi.yx/v3/searchTag' 
2018-05-10 15:38:29,795 INFO 'request http://xtapi.yx/v3/searchQuestion' 
2018-05-10 15:38:29,816 INFO 'request http://xtapi.yx/v3/searchTag' 
2018-05-10 15:39:37,826 INFO 'request http://xtapi.yx/v3/searchQuestion' 
2018-05-10 15:39:37,843 INFO 'request http://xtapi.yx/v3/searchTag' 
2018-05-10 15:39:37,866 INFO 'request http://xtapi.yx/v3/searchQuestion' 
2018-05-10 15:39:37,883 INFO 'request http://xtapi.yx/v3/searchTag' 
2018-05-10 15:39:41,999 ERROR '邮箱配置错误' 
2018-05-10 15:51:56,232 INFO 'request http://xtapi.yx/v3/searchQuestion' 
2018-05-10 15:51:56,257 INFO 'request http://xtapi.yx/v3/searchTag' 
2018-05-10 15:55:30,395 INFO 'request http://xtapi.yx/v3/searchQuestion' 
2018-05-10 15:55:30,422 INFO 'request http://xtapi.yx/v3/searchTag' 
2018-05-10 15:59:53,911 INFO 'request http://xtapi.yx/v3/searchQuestion' 
2018-05-10 15:59:53,982 INFO 'request http://xtapi.yx/v3/searchTag' 
2018-05-10 15:59:58,883 INFO '邮件发送成功' 
2018-05-10 16:01:51,160 INFO 'request http://xtapi.yx/v3/searchQuestion' 
2018-05-10 16:01:51,185 INFO 'request http://xtapi.yx/v3/searchTag' 
2018-05-10 16:01:54,818 ERROR '邮件发送失败' 
2018-05-10 16:03:10,317 INFO 'request http://xtapi.yx/v3/searchQuestion' 
2018-05-10 16:03:10,337 INFO 'request http://xtapi.yx/v3/searchTag' 
2018-05-10 16:03:16,447 INFO '邮件发送成功' 
2018-05-10 16:07:55,965 INFO 'request http://xtapi.yx/v3/searchQuestion' 
2018-05-10 16:07:55,984 INFO 'request http://xtapi.yx/v3/searchTag' 
2018-05-10 16:10:47,275 INFO 'request http://xtapi.yx/v3/searchQuestion' 
2018-05-10 16:10:47,292 INFO 'request http://xtapi.yx/v3/searchTag' 
2018-05-10 16:10:51,924 INFO '邮件发送成功' 
2018-05-10 16:15:55,934 INFO 'request http://xtapi.yx/v3/searchQuestion' 
2018-05-10 16:15:56,014 INFO 'request http://xtapi.yx/v3/searchTag' 
2018-05-10 16:17:24,214 INFO 'request http://xtapi.yx/v3/searchQuestion' 
2018-05-10 16:17:24,216 INFO '执行用例：测试查询' 
2018-05-10 16:17:24,274 INFO 'request http://xtapi.yx/v3/searchTag' 
2018-05-10 16:17:24,278 INFO '执行用例：' 
2018-05-10 16:30:20,973 ERROR '接口请求错误' 
2018-05-10 16:30:20,976 INFO '执行用例：测试查询' 
2018-05-10 16:30:23,365 ERROR '接口请求错误' 
2018-05-10 16:30:23,369 INFO '执行用例：' 
2018-05-10 16:30:28,545 INFO '邮件发送成功' 
2018-05-10 16:42:44,150 INFO 'request http://xtapi.yx/v3/searchQuestion' 
2018-05-10 16:42:44,152 INFO '执行用例：测试查询' 
2018-05-10 16:42:44,171 INFO 'request http://xtapi.yx/v3/searchTag' 
2018-05-10 16:42:44,172 INFO '执行用例：' 
2018-05-10 16:42:49,181 INFO '邮件发送成功' 
2018-05-11 14:34:28,642 INFO 'request http://xtapi.yx/v3/searchQuestion' 
2018-05-11 14:34:28,660 INFO '执行用例：测试查询' 
2018-05-11 14:34:28,689 INFO 'request http://xtapi.yx/v3/searchTag' 
2018-05-11 14:34:28,693 INFO '执行用例：' 
2018-05-11 14:35:04,025 INFO 'request http://xtapi.yx/v3/searchQuestion' 
2018-05-11 14:35:04,082 INFO 'request http://xtapi.yx/v3/searchTag' 
2018-05-11 14:35:44,232 INFO 'request http://xtapi.yx/v3/searchQuestion' 
2018-05-11 14:35:44,256 INFO 'request http://xtapi.yx/v3/searchTag' 
2018-05-11 14:36:15,734 INFO 'request http://xtapi.yx/v3/searchQuestion' 
2018-05-11 14:36:15,737 INFO '执行用例：%s测试查询' 
2018-05-11 14:36:15,757 INFO 'request http://xtapi.yx/v3/searchTag' 
2018-05-11 14:36:15,761 INFO '执行用例：%s' 
2018-05-11 14:37:30,607 INFO 'request http://xtapi.yx/v3/searchQuestion' 
2018-05-11 14:37:30,612 INFO '执行用例：测试查询' 
2018-05-11 14:37:30,643 INFO 'request http://xtapi.yx/v3/searchTag' 
2018-05-11 14:37:30,646 INFO '执行用例：' 
2018-05-11 14:38:41,061 INFO 'request http://xtapi.yx/v3/searchQuestion' 
2018-05-11 14:38:41,068 INFO '执行用例：测试查询' 
2018-05-11 14:38:41,116 INFO 'request http://xtapi.yx/v3/searchTag' 
2018-05-11 14:38:41,120 INFO '执行用例：' 
2018-05-11 14:39:31,247 INFO 'request http://xtapi.yx/v3/searchQuestion' 
2018-05-11 14:39:31,251 INFO '执行用例：测试查询' 
2018-05-11 14:39:31,270 INFO 'request http://xtapi.yx/v3/searchTag' 
2018-05-11 14:39:31,275 INFO '执行用例：' 
2018-05-11 15:18:47,377 INFO 'request http://xtapi.yx/v3/searchQuestion' 
2018-05-11 15:18:47,379 INFO '执行用例：测试查询' 
2018-05-11 15:18:47,399 INFO 'request http://xtapi.yx/v3/searchTag' 
2018-05-11 15:18:47,401 INFO '执行用例：' 
2018-05-11 15:19:53,806 INFO 'request http://xtapi.yx/v3/searchQuestion' 
2018-05-11 15:19:53,807 INFO '执行用例：测试查询' 
2018-05-11 15:19:53,825 INFO 'request http://xtapi.yx/v3/searchTag' 
2018-05-11 15:19:53,827 INFO '执行用例：' 
2018-05-11 16:17:05,309 INFO 'request http://xtapi.yx/v3/searchQuestion' 
2018-05-11 16:17:05,310 INFO '执行用例：测试查询' 
2018-05-11 16:17:05,356 INFO 'request http://xtapi.yx/v3/searchTag' 
2018-05-11 16:17:05,358 INFO '执行用例：' 
2018-05-14 11:01:42,152 INFO '测试添加英语资源，视频类型，知识点视频' 
2018-05-14 14:36:09,263 INFO 'request http://xtapi.yx/v3/addSource' 
2018-05-14 14:36:09,280 INFO '执行用例：测试添加英语资源，视频类型，知识点视频' 
2018-05-14 14:36:09,366 INFO 'request http://xtapi.yx/v3/addSource' 
2018-05-14 14:36:09,368 INFO '执行用例：测试添加数学资源，音频类型，知识点基础视频' 
2018-05-14 14:36:09,387 INFO 'request http://xtapi.yx/v3/addSource' 
2018-05-14 14:36:09,388 INFO '执行用例：测试添加物理资源，图片类型，视频听力视频' 
2018-05-14 14:36:09,405 INFO 'request http://xtapi.yx/v3/addSource' 
2018-05-14 14:36:09,407 INFO '执行用例：测试添加语文资源，富文本，知识点基础视频缩略图' 
2018-05-14 14:36:09,428 INFO 'request http://xtapi.yx/v3/addSource' 
2018-05-14 14:36:09,430 INFO '执行用例：测试添加语文资源，题目类型，知识点讲义' 
2018-05-14 14:36:09,448 INFO 'request http://xtapi.yx/v3/addSource' 
2018-05-14 14:36:09,449 INFO '执行用例：测试添加语文资源，题目类型，知识点练习题' 
2018-05-14 14:36:09,471 INFO 'request http://xtapi.yx/v3/searchSource' 
2018-05-14 14:36:09,472 INFO '执行用例：测试查询资源' 
2018-05-14 14:36:09,488 INFO 'request http://xtapi.yx/v3/editSource' 
2018-05-14 14:36:09,490 INFO '执行用例：' 
2018-05-14 14:36:09,516 INFO 'request http://xtapi.yx/v3/getSourceType' 
2018-05-14 14:36:09,518 INFO '执行用例：' 
2018-05-14 14:38:12,096 INFO 'request http://xtapi.yx/v3/addSource' 
2018-05-14 14:38:12,098 INFO '执行用例：测试添加英语资源，视频类型，知识点视频' 
2018-05-14 14:38:12,123 INFO 'request http://xtapi.yx/v3/addSource' 
2018-05-14 14:38:12,124 INFO '执行用例：测试添加数学资源，音频类型，知识点基础视频' 
2018-05-14 14:38:12,143 INFO 'request http://xtapi.yx/v3/addSource' 
2018-05-14 14:38:12,144 INFO '执行用例：测试添加物理资源，图片类型，视频听力视频' 
2018-05-14 14:38:12,162 INFO 'request http://xtapi.yx/v3/addSource' 
2018-05-14 14:38:12,163 INFO '执行用例：测试添加语文资源，富文本，知识点基础视频缩略图' 
2018-05-14 14:38:12,181 INFO 'request http://xtapi.yx/v3/addSource' 
2018-05-14 14:38:12,185 INFO '执行用例：测试添加语文资源，题目类型，知识点讲义' 
2018-05-14 14:38:12,210 INFO 'request http://xtapi.yx/v3/addSource' 
2018-05-14 14:38:12,212 INFO '执行用例：测试添加语文资源，题目类型，知识点练习题' 
2018-05-14 14:38:12,232 INFO 'request http://xtapi.yx/v3/searchSource' 
2018-05-14 14:38:12,233 INFO '执行用例：测试查询资源' 
2018-05-14 14:38:12,254 INFO 'request http://xtapi.yx/v3/editSource' 
2018-05-14 14:38:12,255 INFO '执行用例：' 
2018-05-14 14:38:12,274 INFO 'request http://xtapi.yx/v3/getSourceType' 
2018-05-14 14:38:12,275 INFO '执行用例：' 
2018-05-14 14:42:46,391 INFO 'request http://xtapi.yx/v3/addSource' 
2018-05-14 14:42:46,392 INFO '执行用例：测试添加英语资源，视频类型，知识点视频' 
2018-05-14 14:42:46,409 INFO 'request http://xtapi.yx/v3/addSource' 
2018-05-14 14:42:46,410 INFO '执行用例：测试添加数学资源，音频类型，知识点基础视频' 
2018-05-14 14:42:46,430 INFO 'request http://xtapi.yx/v3/addSource' 
2018-05-14 14:42:46,431 INFO '执行用例：测试添加物理资源，图片类型，视频听力视频' 
2018-05-14 14:42:46,446 INFO 'request http://xtapi.yx/v3/addSource' 
2018-05-14 14:42:46,448 INFO '执行用例：测试添加语文资源，富文本，知识点基础视频缩略图' 
2018-05-14 14:42:46,462 INFO 'request http://xtapi.yx/v3/addSource' 
2018-05-14 14:42:46,464 INFO '执行用例：测试添加语文资源，题目类型，知识点讲义' 
2018-05-14 14:42:46,484 INFO 'request http://xtapi.yx/v3/addSource' 
2018-05-14 14:42:46,485 INFO '执行用例：测试添加语文资源，题目类型，知识点练习题' 
2018-05-14 14:42:46,500 INFO 'request http://xtapi.yx/v3/searchSource' 
2018-05-14 14:42:46,501 INFO '执行用例：测试查询资源' 
2018-05-14 14:42:46,523 INFO 'request http://xtapi.yx/v3/editSource' 
2018-05-14 14:42:46,524 INFO '执行用例：' 
2018-05-14 14:42:46,539 INFO 'request http://xtapi.yx/v3/getSourceType' 
2018-05-14 14:42:46,540 INFO '执行用例：' 
2018-05-14 14:43:08,663 INFO 'request http://xtapi.yx/v3/searchQuestion' 
2018-05-14 14:43:08,713 INFO '执行用例：测试查询' 
2018-05-14 14:43:08,733 INFO 'request http://xtapi.yx/v3/searchTag' 
2018-05-14 14:43:08,734 INFO '执行用例：' 
2018-05-14 14:43:30,544 INFO 'request http://xtapi.yx/v3/searchQuestion' 
2018-05-14 14:43:30,550 INFO '执行用例：测试查询' 
2018-05-14 14:43:30,567 INFO 'request http://xtapi.yx/v3/searchTag' 
2018-05-14 14:43:30,573 INFO '执行用例：' 
2018-05-14 14:44:16,228 INFO 'request http://xtapi.yx/v3/searchQuestion' 
2018-05-14 14:44:16,232 INFO '执行用例：测试查询' 
2018-05-14 14:44:16,251 INFO 'request http://xtapi.yx/v3/searchTag' 
2018-05-14 14:44:16,257 INFO '执行用例：' 
2018-05-14 14:45:05,947 INFO 'request http://xtapi.yx/v3/searchQuestion' 
2018-05-14 14:45:05,950 INFO '执行用例：测试查询' 
2018-05-14 14:45:05,970 INFO 'request http://xtapi.yx/v3/searchTag' 
2018-05-14 14:45:05,973 INFO '执行用例：' 
2018-05-14 14:45:28,650 INFO 'request http://xtapi.yx/v3/addSource' 
2018-05-14 14:45:28,651 INFO '执行用例：测试添加英语资源，视频类型，知识点视频' 
2018-05-14 14:45:28,670 INFO 'request http://xtapi.yx/v3/addSource' 
2018-05-14 14:45:28,671 INFO '执行用例：测试添加数学资源，音频类型，知识点基础视频' 
2018-05-14 14:45:28,692 INFO 'request http://xtapi.yx/v3/addSource' 
2018-05-14 14:45:28,693 INFO '执行用例：测试添加物理资源，图片类型，视频听力视频' 
2018-05-14 14:45:28,711 INFO 'request http://xtapi.yx/v3/addSource' 
2018-05-14 14:45:28,712 INFO '执行用例：测试添加语文资源，富文本，知识点基础视频缩略图' 
2018-05-14 14:45:28,730 INFO 'request http://xtapi.yx/v3/addSource' 
2018-05-14 14:45:28,731 INFO '执行用例：测试添加语文资源，题目类型，知识点讲义' 
2018-05-14 14:45:28,749 INFO 'request http://xtapi.yx/v3/addSource' 
2018-05-14 14:45:28,750 INFO '执行用例：测试添加语文资源，题目类型，知识点练习题' 
2018-05-14 14:45:28,770 INFO 'request http://xtapi.yx/v3/searchSource' 
2018-05-14 14:45:28,771 INFO '执行用例：测试查询资源' 
2018-05-14 14:45:28,794 INFO 'request http://xtapi.yx/v3/editSource' 
2018-05-14 14:45:28,795 INFO '执行用例：' 
2018-05-14 14:45:28,810 INFO 'request http://xtapi.yx/v3/getSourceType' 
2018-05-14 14:45:28,811 INFO '执行用例：' 
2018-05-14 14:50:49,046 INFO 'request http://xtapi.yx/v3/addSource' 
2018-05-14 14:50:49,047 INFO '执行用例：测试添加英语资源，视频类型，知识点视频' 
2018-05-14 14:50:49,069 INFO 'request http://xtapi.yx/v3/addSource' 
2018-05-14 14:50:49,070 INFO '执行用例：测试添加数学资源，音频类型，知识点基础视频' 
2018-05-14 14:50:49,087 INFO 'request http://xtapi.yx/v3/addSource' 
2018-05-14 14:50:49,088 INFO '执行用例：测试添加物理资源，图片类型，视频听力视频' 
2018-05-14 14:50:49,107 INFO 'request http://xtapi.yx/v3/addSource' 
2018-05-14 14:50:49,108 INFO '执行用例：测试添加语文资源，富文本，知识点基础视频缩略图' 
2018-05-14 14:50:49,129 INFO 'request http://xtapi.yx/v3/addSource' 
2018-05-14 14:50:49,130 INFO '执行用例：测试添加语文资源，题目类型，知识点讲义' 
2018-05-14 14:50:49,158 INFO 'request http://xtapi.yx/v3/addSource' 
2018-05-14 14:50:49,159 INFO '执行用例：测试添加语文资源，题目类型，知识点练习题' 
2018-05-14 14:50:49,175 INFO 'request http://xtapi.yx/v3/searchSource' 
2018-05-14 14:50:49,176 INFO '执行用例：测试查询资源' 
2018-05-14 14:50:49,198 INFO 'request http://xtapi.yx/v3/editSource' 
2018-05-14 14:50:49,200 INFO '执行用例：' 
2018-05-14 14:50:49,214 INFO 'request http://xtapi.yx/v3/getSourceType' 
2018-05-14 14:50:49,215 INFO '执行用例：' 
2018-05-14 14:53:42,383 INFO 'request http://xtapi.yx/v3/addSource' 
2018-05-14 14:53:42,408 INFO '执行用例：测试添加英语资源，视频类型，知识点视频' 
2018-05-14 14:53:42,426 INFO 'request http://xtapi.yx/v3/addSource' 
2018-05-14 14:53:42,454 INFO '执行用例：测试添加数学资源，音频类型，知识点基础视频' 
2018-05-14 14:53:42,475 INFO 'request http://xtapi.yx/v3/addSource' 
2018-05-14 14:53:42,493 INFO '执行用例：测试添加物理资源，图片类型，视频听力视频' 
2018-05-14 14:53:42,517 INFO 'request http://xtapi.yx/v3/addSource' 
2018-05-14 14:53:42,537 INFO '执行用例：测试添加语文资源，富文本，知识点基础视频缩略图' 
2018-05-14 14:53:42,553 INFO 'request http://xtapi.yx/v3/addSource' 
2018-05-14 14:53:42,569 INFO '执行用例：测试添加语文资源，题目类型，知识点讲义' 
2018-05-14 14:53:42,583 INFO 'request http://xtapi.yx/v3/addSource' 
2018-05-14 14:53:42,599 INFO '执行用例：测试添加语文资源，题目类型，知识点练习题' 
2018-05-14 14:53:42,617 INFO 'request http://xtapi.yx/v3/searchSource' 
2018-05-14 14:53:42,634 INFO '执行用例：测试查询资源' 
2018-05-14 14:53:42,649 INFO 'request http://xtapi.yx/v3/editSource' 
2018-05-14 14:53:42,663 INFO '执行用例：' 
2018-05-14 14:53:42,681 INFO 'request http://xtapi.yx/v3/getSourceType' 
2018-05-14 14:53:42,694 INFO '执行用例：' 
2018-05-14 14:55:28,068 INFO 'request http://xtapi.yx/v3/addSource' 
2018-05-14 14:55:28,081 INFO '执行用例：测试添加英语资源，视频类型，知识点视频' 
2018-05-14 14:55:28,096 INFO 'request http://xtapi.yx/v3/addSource' 
2018-05-14 14:55:28,111 INFO '执行用例：测试添加数学资源，音频类型，知识点基础视频' 
2018-05-14 14:55:28,132 INFO 'request http://xtapi.yx/v3/addSource' 
2018-05-14 14:55:28,146 INFO '执行用例：测试添加物理资源，图片类型，视频听力视频' 
2018-05-14 14:55:28,160 INFO 'request http://xtapi.yx/v3/addSource' 
2018-05-14 14:55:28,176 INFO '执行用例：测试添加语文资源，富文本，知识点基础视频缩略图' 
2018-05-14 14:55:28,191 INFO 'request http://xtapi.yx/v3/addSource' 
2018-05-14 14:55:28,207 INFO '执行用例：测试添加语文资源，题目类型，知识点讲义' 
2018-05-14 14:55:28,223 INFO 'request http://xtapi.yx/v3/addSource' 
2018-05-14 14:55:28,241 INFO '执行用例：测试添加语文资源，题目类型，知识点练习题' 
2018-05-14 14:55:28,258 INFO 'request http://xtapi.yx/v3/searchSource' 
2018-05-14 14:55:28,277 INFO '执行用例：测试查询资源' 
2018-05-14 14:55:28,292 INFO 'request http://xtapi.yx/v3/editSource' 
2018-05-14 14:55:28,308 INFO '执行用例：' 
2018-05-14 14:55:28,325 INFO 'request http://xtapi.yx/v3/getSourceType' 
2018-05-14 14:55:28,340 INFO '执行用例：' 
2018-05-14 14:56:01,817 INFO 'request http://xtapi.yx/v3/addSource' 
2018-05-14 14:56:01,818 INFO '执行用例：测试添加英语资源，视频类型，知识点视频' 
2018-05-14 14:56:01,839 INFO 'request http://xtapi.yx/v3/addSource' 
2018-05-14 14:56:01,840 INFO '执行用例：测试添加数学资源，音频类型，知识点基础视频' 
2018-05-14 14:56:01,858 INFO 'request http://xtapi.yx/v3/addSource' 
2018-05-14 14:56:01,859 INFO '执行用例：测试添加物理资源，图片类型，视频听力视频' 
2018-05-14 14:56:01,893 INFO 'request http://xtapi.yx/v3/addSource' 
2018-05-14 14:56:01,894 INFO '执行用例：测试添加语文资源，富文本，知识点基础视频缩略图' 
2018-05-14 14:56:01,913 INFO 'request http://xtapi.yx/v3/addSource' 
2018-05-14 14:56:01,914 INFO '执行用例：测试添加语文资源，题目类型，知识点讲义' 
2018-05-14 14:56:01,933 INFO 'request http://xtapi.yx/v3/addSource' 
2018-05-14 14:56:01,934 INFO '执行用例：测试添加语文资源，题目类型，知识点练习题' 
2018-05-14 14:56:01,950 INFO 'request http://xtapi.yx/v3/searchSource' 
2018-05-14 14:56:01,951 INFO '执行用例：测试查询资源' 
2018-05-14 14:56:01,966 INFO 'request http://xtapi.yx/v3/editSource' 
2018-05-14 14:56:01,967 INFO '执行用例：' 
2018-05-14 14:56:01,982 INFO 'request http://xtapi.yx/v3/getSourceType' 
2018-05-14 14:56:01,983 INFO '执行用例：' 
2018-05-14 15:01:39,704 INFO 'request http://xtapi.yx/v3/addSource' 
2018-05-14 15:01:39,706 INFO '执行用例：测试添加英语资源，视频类型，知识点视频' 
2018-05-14 15:01:39,730 INFO 'request http://xtapi.yx/v3/searchSource' 
2018-05-14 15:01:39,731 INFO '执行用例：测试查询资源' 
2018-05-14 15:02:28,465 INFO 'request http://xtapi.yx/v3/searchSource' 
2018-05-14 15:02:28,466 INFO '执行用例：测试查询资源' 
2018-05-14 15:06:19,402 INFO 'request http://xtapi.yx/v3/searchSource' 
2018-05-14 15:06:19,403 INFO '执行用例：测试查询资源' 
2018-05-14 15:09:14,431 INFO 'request http://xtapi.yx/v3/searchSource' 
2018-05-14 15:09:14,447 INFO '执行用例：测试查询资源' 
2018-05-14 15:10:54,130 INFO 'request http://xtapi.yx/v3/searchSource' 
2018-05-14 15:10:54,145 INFO '执行用例：测试查询资源' 
2018-05-14 15:11:12,719 INFO 'request http://xtapi.yx/v3/searchSource' 
2018-05-14 15:11:12,720 INFO '执行用例：测试查询资源' 
2018-05-14 15:11:39,982 INFO 'request http://xtapi.yx/v3/searchSource' 
2018-05-14 15:11:39,983 INFO '执行用例：测试查询资源' 
2018-05-14 15:13:56,799 INFO 'request http://xtapi.yx/v3/searchSource' 
2018-05-14 15:13:56,800 INFO '执行用例：测试查询资源' 
2018-05-14 16:02:30,009 INFO 'request http://xtapi.yx/v3/searchSource' 
2018-05-14 16:02:30,030 INFO '执行用例：测试查询资源' 
2018-05-14 16:19:11,931 INFO 'request http://xtapi.yx/v3/searchQuestion' 
2018-05-14 16:19:11,937 INFO '执行用例：测试查询' 
2018-05-14 16:19:11,955 INFO 'request http://xtapi.yx/v3/searchTag' 
2018-05-14 16:19:11,960 INFO '执行用例：' 
2018-05-14 16:22:10,156 INFO 'request http://xtapi.yx/v3/searchQuestion' 
2018-05-14 16:22:10,161 INFO '执行用例：测试查询' 
2018-05-14 16:22:10,179 INFO 'request http://xtapi.yx/v3/searchTag' 
2018-05-14 16:22:10,183 INFO '执行用例：' 
2018-05-14 16:41:52,900 INFO 'request http://xtapi.yx/v3/searchSource' 
2018-05-14 16:41:52,901 INFO '执行用例：测试查询资源' 
2018-05-14 16:44:58,590 INFO 'request http://xtapi.yx/v3/searchSource' 
2018-05-14 16:44:58,591 INFO '执行用例：测试查询资源' 
2018-05-14 16:56:54,375 INFO '执行用例：测试查询' 
2018-05-14 16:56:54,395 INFO '执行用例：' 
2018-05-14 16:57:29,358 INFO 'request http://xtapi.yx/v3/searchQuestion' 
2018-05-14 16:57:29,363 INFO '执行用例：测试查询' 
2018-05-14 16:57:29,396 INFO 'request http://xtapi.yx/v3/searchTag' 
2018-05-14 16:57:29,400 INFO '执行用例：' 
2018-05-14 16:57:52,700 INFO 'request http://xwapi.yx/v3/searchSource' 
2018-05-14 16:57:52,705 INFO '执行用例：测试查询资源' 
2018-05-15 11:02:07,131 INFO 'request http://xwapi.yx/v3/searchSource' 
2018-05-15 11:02:07,141 INFO '执行用例：测试查询资源' 
2018-05-15 11:02:47,563 INFO 'request http://xwapi.yx/v3/addSource' 
2018-05-15 11:02:47,567 INFO '执行用例：测试添加英语资源，视频类型，知识点视频' 
2018-05-15 11:02:47,667 INFO 'request http://xwapi.yx/v3/addSource' 
2018-05-15 11:02:47,670 INFO '执行用例：测试添加数学资源，音频类型，知识点基础视频' 
2018-05-15 11:02:47,697 INFO 'request http://xwapi.yx/v3/addSource' 
2018-05-15 11:02:47,699 INFO '执行用例：测试添加物理资源，图片类型，视频听力视频' 
2018-05-15 11:02:47,780 INFO 'request http://xwapi.yx/v3/addSource' 
2018-05-15 11:02:47,782 INFO '执行用例：测试添加语文资源，富文本，知识点基础视频缩略图' 
2018-05-15 11:02:47,890 INFO 'request http://xwapi.yx/v3/addSource' 
2018-05-15 11:02:47,892 INFO '执行用例：测试添加语文资源，题目类型，知识点讲义' 
2018-05-15 11:02:47,930 INFO 'request http://xwapi.yx/v3/addSource' 
2018-05-15 11:02:47,932 INFO '执行用例：测试添加语文资源，题目类型，知识点练习题' 
2018-05-15 11:02:47,972 INFO 'request http://xwapi.yx/v3/searchSource' 
2018-05-15 11:02:47,977 INFO '执行用例：测试查询资源' 
2018-05-15 11:02:47,999 INFO 'request http://xwapi.yx/v3/editSource' 
2018-05-15 11:02:48,002 INFO '执行用例：' 
2018-05-15 11:02:48,181 INFO 'request http://xwapi.yx/v3/getSourceType' 
2018-05-15 11:02:48,184 INFO '执行用例：' 
2018-05-15 11:04:31,101 INFO 'request http://xwapi.yx/v3/addSource' 
2018-05-15 11:04:31,103 INFO '执行用例：测试添加英语资源，视频类型，知识点视频' 
2018-05-15 11:04:31,123 INFO 'request http://xwapi.yx/v3/addSource' 
2018-05-15 11:04:31,125 INFO '执行用例：测试添加数学资源，音频类型，知识点基础视频' 
2018-05-15 11:04:31,146 INFO 'request http://xwapi.yx/v3/addSource' 
2018-05-15 11:04:31,148 INFO '执行用例：测试添加物理资源，图片类型，视频听力视频' 
2018-05-15 11:04:31,166 INFO 'request http://xwapi.yx/v3/addSource' 
2018-05-15 11:04:31,167 INFO '执行用例：测试添加语文资源，富文本，知识点基础视频缩略图' 
2018-05-15 11:04:31,184 INFO 'request http://xwapi.yx/v3/addSource' 
2018-05-15 11:04:31,187 INFO '执行用例：测试添加语文资源，题目类型，知识点讲义' 
2018-05-15 11:04:31,202 INFO 'request http://xwapi.yx/v3/addSource' 
2018-05-15 11:04:31,205 INFO '执行用例：测试添加语文资源，题目类型，知识点练习题' 
2018-05-15 11:04:31,223 INFO 'request http://xwapi.yx/v3/searchSource' 
2018-05-15 11:04:31,228 INFO '执行用例：测试查询资源' 
2018-05-15 11:04:31,246 INFO 'request http://xwapi.yx/v3/editSource' 
2018-05-15 11:04:31,248 INFO '执行用例：' 
2018-05-15 11:05:26,108 INFO 'request http://xwapi.yx/v3/addSource' 
2018-05-15 11:05:26,109 INFO '执行用例：测试添加英语资源，视频类型，知识点视频' 
2018-05-15 11:05:26,123 INFO 'request http://xwapi.yx/v3/addSource' 
2018-05-15 11:05:26,125 INFO '执行用例：测试添加数学资源，音频类型，知识点基础视频' 
2018-05-15 11:05:26,144 INFO 'request http://xwapi.yx/v3/addSource' 
2018-05-15 11:05:26,146 INFO '执行用例：测试添加物理资源，图片类型，视频听力视频' 
2018-05-15 11:05:26,159 INFO 'request http://xwapi.yx/v3/addSource' 
2018-05-15 11:05:26,160 INFO '执行用例：测试添加语文资源，富文本，知识点基础视频缩略图' 
2018-05-15 11:05:26,173 INFO 'request http://xwapi.yx/v3/addSource' 
2018-05-15 11:05:26,175 INFO '执行用例：测试添加语文资源，题目类型，知识点讲义' 
2018-05-15 11:05:26,192 INFO 'request http://xwapi.yx/v3/addSource' 
2018-05-15 11:05:26,193 INFO '执行用例：测试添加语文资源，题目类型，知识点练习题' 
2018-05-15 11:05:26,212 INFO 'request http://xwapi.yx/v3/searchSource' 
2018-05-15 11:05:26,216 INFO '执行用例：测试查询资源' 
2018-05-15 11:05:26,230 INFO 'request http://xwapi.yx/v3/editSource' 
2018-05-15 11:05:26,231 INFO '执行用例：' 
2018-05-15 11:11:14,415 INFO 'request http://xwapi.yx/v3/searchSource' 
2018-05-15 11:11:14,421 INFO '执行用例：测试查询资源' 
2018-05-15 11:13:38,727 INFO 'request http://xwapi.yx/v3/addSource' 
2018-05-15 11:13:38,729 INFO '执行用例：测试添加英语资源，视频类型，知识点视频' 
2018-05-15 11:13:38,749 INFO 'request http://xwapi.yx/v3/addSource' 
2018-05-15 11:13:38,752 INFO '执行用例：测试添加数学资源，音频类型，知识点基础视频' 
2018-05-15 11:13:38,790 INFO 'request http://xwapi.yx/v3/addSource' 
2018-05-15 11:13:38,792 INFO '执行用例：测试添加物理资源，图片类型，视频听力视频' 
2018-05-15 11:13:38,815 INFO 'request http://xwapi.yx/v3/addSource' 
2018-05-15 11:13:38,818 INFO '执行用例：测试添加语文资源，富文本，知识点基础视频缩略图' 
2018-05-15 11:13:38,835 INFO 'request http://xwapi.yx/v3/addSource' 
2018-05-15 11:13:38,837 INFO '执行用例：测试添加语文资源，题目类型，知识点讲义' 
2018-05-15 11:13:38,854 INFO 'request http://xwapi.yx/v3/addSource' 
2018-05-15 11:13:38,856 INFO '执行用例：测试添加语文资源，题目类型，知识点练习题' 
2018-05-15 11:13:38,875 INFO 'request http://xwapi.yx/v3/searchSource' 
2018-05-15 11:13:38,879 INFO '执行用例：测试查询资源' 
2018-05-15 11:13:38,894 INFO 'request http://xwapi.yx/v3/editSource' 
2018-05-15 11:13:38,896 INFO '执行用例：' 
2018-05-15 11:14:12,342 INFO 'request http://xwapi.yx/v3/addSource' 
2018-05-15 11:14:12,344 INFO '执行用例：测试添加英语资源，视频类型，知识点视频' 
2018-05-15 11:14:12,358 INFO 'request http://xwapi.yx/v3/addSource' 
2018-05-15 11:14:12,359 INFO '执行用例：测试添加数学资源，音频类型，知识点基础视频' 
2018-05-15 11:14:12,375 INFO 'request http://xwapi.yx/v3/addSource' 
2018-05-15 11:14:12,377 INFO '执行用例：测试添加物理资源，图片类型，视频听力视频' 
2018-05-15 11:14:12,394 INFO 'request http://xwapi.yx/v3/addSource' 
2018-05-15 11:14:12,395 INFO '执行用例：测试添加语文资源，富文本，知识点基础视频缩略图' 
2018-05-15 11:14:12,411 INFO 'request http://xwapi.yx/v3/addSource' 
2018-05-15 11:14:12,413 INFO '执行用例：测试添加语文资源，题目类型，知识点讲义' 
2018-05-15 11:14:12,428 INFO 'request http://xwapi.yx/v3/addSource' 
2018-05-15 11:14:12,429 INFO '执行用例：测试添加语文资源，题目类型，知识点练习题' 
2018-05-15 11:14:12,447 INFO 'request http://xwapi.yx/v3/searchSource' 
2018-05-15 11:14:12,451 INFO '执行用例：测试查询资源' 
2018-05-15 11:14:12,464 INFO 'request http://xwapi.yx/v3/editSource' 
2018-05-15 11:14:12,465 INFO '执行用例：' 
2018-05-15 11:16:28,703 INFO 'request http://xwapi.yx/v3/addSource' 
2018-05-15 11:16:28,704 INFO '执行用例：测试添加英语资源，视频类型，知识点视频' 
2018-05-15 11:16:28,719 INFO 'request http://xwapi.yx/v3/addSource' 
2018-05-15 11:16:28,720 INFO '执行用例：测试添加数学资源，音频类型，知识点基础视频' 
2018-05-15 11:16:28,735 INFO 'request http://xwapi.yx/v3/addSource' 
2018-05-15 11:16:28,736 INFO '执行用例：测试添加物理资源，图片类型，视频听力视频' 
2018-05-15 11:16:28,752 INFO 'request http://xwapi.yx/v3/addSource' 
2018-05-15 11:16:28,753 INFO '执行用例：测试添加语文资源，富文本，知识点基础视频缩略图' 
2018-05-15 11:16:28,774 INFO 'request http://xwapi.yx/v3/addSource' 
2018-05-15 11:16:28,775 INFO '执行用例：测试添加语文资源，题目类型，知识点讲义' 
2018-05-15 11:16:28,793 INFO 'request http://xwapi.yx/v3/addSource' 
2018-05-15 11:16:28,794 INFO '执行用例：测试添加语文资源，题目类型，知识点练习题' 
2018-05-15 11:16:28,811 INFO 'request http://xwapi.yx/v3/searchSource' 
2018-05-15 11:16:28,815 INFO '执行用例：测试查询资源' 
2018-05-15 11:16:28,826 INFO 'request http://xwapi.yx/v3/editSource' 
2018-05-15 11:16:28,827 INFO '执行用例：' 
2018-05-15 11:17:18,659 INFO 'request http://xwapi.yx/v3/addSource' 
2018-05-15 11:17:18,660 INFO '执行用例：测试添加英语资源，视频类型，知识点视频' 
2018-05-15 11:17:18,679 INFO 'request http://xwapi.yx/v3/addSource' 
2018-05-15 11:17:18,680 INFO '执行用例：测试添加数学资源，音频类型，知识点基础视频' 
2018-05-15 11:17:18,697 INFO 'request http://xwapi.yx/v3/addSource' 
2018-05-15 11:17:18,698 INFO '执行用例：测试添加物理资源，图片类型，视频听力视频' 
2018-05-15 11:17:18,723 INFO 'request http://xwapi.yx/v3/addSource' 
2018-05-15 11:17:18,725 INFO '执行用例：测试添加语文资源，富文本，知识点基础视频缩略图' 
2018-05-15 11:17:18,744 INFO 'request http://xwapi.yx/v3/addSource' 
2018-05-15 11:17:18,748 INFO '执行用例：测试添加语文资源，题目类型，知识点讲义' 
2018-05-15 11:17:18,778 INFO 'request http://xwapi.yx/v3/addSource' 
2018-05-15 11:17:18,780 INFO '执行用例：测试添加语文资源，题目类型，知识点练习题' 
2018-05-15 11:17:18,798 INFO 'request http://xwapi.yx/v3/searchSource' 
2018-05-15 11:17:18,803 INFO '执行用例：测试查询资源' 
2018-05-15 11:17:18,819 INFO 'request http://xwapi.yx/v3/editSource' 
2018-05-15 11:17:18,821 INFO '执行用例：' 
2018-05-15 11:22:26,233 ERROR '接口请求错误' 
2018-05-15 11:22:26,235 INFO '执行用例：测试添加英语资源，视频类型，知识点视频' 
2018-05-15 11:22:26,272 INFO 'request http://xwapi.yx/v3/addSource' 
2018-05-15 11:22:26,273 INFO '执行用例：测试添加数学资源，音频类型，知识点基础视频' 
2018-05-15 11:22:26,291 INFO 'request http://xwapi.yx/v3/addSource' 
2018-05-15 11:22:26,292 INFO '执行用例：测试添加物理资源，图片类型，视频听力视频' 
2018-05-15 11:22:26,309 INFO 'request http://xwapi.yx/v3/addSource' 
2018-05-15 11:22:26,310 INFO '执行用例：测试添加语文资源，富文本，知识点基础视频缩略图' 
2018-05-15 11:22:26,328 INFO 'request http://xwapi.yx/v3/addSource' 
2018-05-15 11:22:26,329 INFO '执行用例：测试添加语文资源，题目类型，知识点讲义' 
2018-05-15 11:22:26,346 INFO 'request http://xwapi.yx/v3/addSource' 
2018-05-15 11:22:26,347 INFO '执行用例：测试添加语文资源，题目类型，知识点练习题' 
2018-05-15 11:22:26,368 INFO 'request http://xwapi.yx/v3/searchSource' 
2018-05-15 11:22:26,374 INFO '执行用例：测试查询资源' 
2018-05-15 11:22:26,390 INFO 'request http://xwapi.yx/v3/editSource' 
2018-05-15 11:22:26,391 INFO '执行用例：' 
2018-05-15 11:24:31,666 ERROR '接口请求错误' 
2018-05-15 11:24:31,668 INFO '执行用例：测试添加英语资源，视频类型，知识点视频' 
2018-05-15 11:24:31,695 INFO 'request http://xwapi.yx/v3/addSource' 
2018-05-15 11:24:31,696 INFO '执行用例：测试添加数学资源，音频类型，知识点基础视频' 
2018-05-15 11:24:31,712 INFO 'request http://xwapi.yx/v3/addSource' 
2018-05-15 11:24:31,713 INFO '执行用例：测试添加物理资源，图片类型，视频听力视频' 
2018-05-15 11:24:31,729 INFO 'request http://xwapi.yx/v3/addSource' 
2018-05-15 11:24:31,730 INFO '执行用例：测试添加语文资源，富文本，知识点基础视频缩略图' 
2018-05-15 11:24:31,746 INFO 'request http://xwapi.yx/v3/addSource' 
2018-05-15 11:24:31,748 INFO '执行用例：测试添加语文资源，题目类型，知识点讲义' 
2018-05-15 11:24:31,762 INFO 'request http://xwapi.yx/v3/addSource' 
2018-05-15 11:24:31,763 INFO '执行用例：测试添加语文资源，题目类型，知识点练习题' 
2018-05-15 11:24:31,780 INFO 'request http://xwapi.yx/v3/searchSource' 
2018-05-15 11:24:31,786 INFO '执行用例：测试查询资源' 
2018-05-15 11:24:31,804 INFO 'request http://xwapi.yx/v3/editSource' 
2018-05-15 11:24:31,805 INFO '执行用例：' 
2018-05-15 11:25:53,711 ERROR '接口请求错误' 
2018-05-15 11:25:53,712 INFO '执行用例：测试添加英语资源，视频类型，知识点视频' 
2018-05-15 11:25:53,743 INFO 'request http://xwapi.yx/v3/addSource' 
2018-05-15 11:25:53,744 INFO '执行用例：测试添加数学资源，音频类型，知识点基础视频' 
2018-05-15 11:25:53,760 INFO 'request http://xwapi.yx/v3/addSource' 
2018-05-15 11:25:53,761 INFO '执行用例：测试添加物理资源，图片类型，视频听力视频' 
2018-05-15 11:25:53,776 INFO 'request http://xwapi.yx/v3/addSource' 
2018-05-15 11:25:53,777 INFO '执行用例：测试添加语文资源，富文本，知识点基础视频缩略图' 
2018-05-15 11:25:53,791 INFO 'request http://xwapi.yx/v3/addSource' 
2018-05-15 11:25:53,792 INFO '执行用例：测试添加语文资源，题目类型，知识点讲义' 
2018-05-15 11:25:53,809 INFO 'request http://xwapi.yx/v3/addSource' 
2018-05-15 11:25:53,811 INFO '执行用例：测试添加语文资源，题目类型，知识点练习题' 
2018-05-15 11:25:53,827 INFO 'request http://xwapi.yx/v3/searchSource' 
2018-05-15 11:25:53,829 INFO '执行用例：测试查询资源' 
2018-05-15 11:25:53,846 INFO 'request http://xwapi.yx/v3/editSource' 
2018-05-15 11:25:53,847 INFO '执行用例：' 
2018-05-15 11:26:41,459 INFO 'request http://xwapi.yx/v3/addSource' 
2018-05-15 11:26:41,460 INFO '执行用例：测试添加英语资源，视频类型，知识点视频' 
2018-05-15 11:26:41,475 INFO 'request http://xwapi.yx/v3/addSource' 
2018-05-15 11:26:41,476 INFO '执行用例：测试添加数学资源，音频类型，知识点基础视频' 
2018-05-15 11:26:41,491 INFO 'request http://xwapi.yx/v3/addSource' 
2018-05-15 11:26:41,492 INFO '执行用例：测试添加物理资源，图片类型，视频听力视频' 
2018-05-15 11:26:41,510 INFO 'request http://xwapi.yx/v3/addSource' 
2018-05-15 11:26:41,512 INFO '执行用例：测试添加语文资源，富文本，知识点基础视频缩略图' 
2018-05-15 11:26:41,529 INFO 'request http://xwapi.yx/v3/addSource' 
2018-05-15 11:26:41,531 INFO '执行用例：测试添加语文资源，题目类型，知识点讲义' 
2018-05-15 11:26:41,545 INFO 'request http://xwapi.yx/v3/addSource' 
2018-05-15 11:26:41,546 INFO '执行用例：测试添加语文资源，题目类型，知识点练习题' 
2018-05-15 11:26:41,562 INFO 'request http://xwapi.yx/v3/searchSource' 
2018-05-15 11:26:41,564 INFO '执行用例：测试查询资源' 
2018-05-15 11:26:41,580 INFO 'request http://xwapi.yx/v3/editSource' 
2018-05-15 11:26:41,582 INFO '执行用例：' 
2018-05-15 11:28:12,925 INFO 'request http://xwapi.yx/v3/addSource' 
2018-05-15 11:28:12,926 INFO '执行用例：测试添加英语资源，视频类型，知识点视频' 
2018-05-15 11:28:12,949 INFO 'request http://xwapi.yx/v3/addSource' 
2018-05-15 11:28:12,950 INFO '执行用例：测试添加数学资源，音频类型，知识点基础视频' 
2018-05-15 11:28:12,976 INFO 'request http://xwapi.yx/v3/addSource' 
2018-05-15 11:28:12,977 INFO '执行用例：测试添加物理资源，图片类型，视频听力视频' 
2018-05-15 11:28:12,993 INFO 'request http://xwapi.yx/v3/addSource' 
2018-05-15 11:28:12,994 INFO '执行用例：测试添加语文资源，富文本，知识点基础视频缩略图' 
2018-05-15 11:28:13,020 INFO 'request http://xwapi.yx/v3/addSource' 
2018-05-15 11:28:13,021 INFO '执行用例：测试添加语文资源，题目类型，知识点讲义' 
2018-05-15 11:28:13,039 INFO 'request http://xwapi.yx/v3/addSource' 
2018-05-15 11:28:13,040 INFO '执行用例：测试添加语文资源，题目类型，知识点练习题' 
2018-05-15 11:28:13,062 INFO 'request http://xwapi.yx/v3/searchSource' 
2018-05-15 11:28:13,064 INFO '执行用例：测试查询资源' 
2018-05-15 11:28:13,093 INFO 'request http://xwapi.yx/v3/editSource' 
2018-05-15 11:28:13,095 INFO '执行用例：' 
2018-05-15 14:13:33,584 INFO '测试添加英语资源，视频类型，知识点视频' 
2018-05-15 14:30:30,676 INFO '测试添加英语资源，视频类型，知识点视频' 
2018-05-15 14:30:30,695 INFO '测试添加数学资源，音频类型，试题听力音频' 
2018-05-15 14:30:57,150 INFO '测试添加英语资源，视频类型，知识点视频' 
2018-05-15 14:30:57,172 INFO '测试添加数学资源，音频类型，试题听力音频' 
2018-05-15 14:31:48,701 INFO '测试添加英语资源，视频类型，知识点视频' 
2018-05-15 14:31:49,084 INFO '测试添加数学资源，音频类型，试题听力音频' 
2018-05-15 14:37:06,509 INFO '测试添加英语资源，视频类型，知识点视频' 
2018-05-15 14:37:06,551 INFO '测试添加数学资源，音频类型，试题听力音频' 
2018-05-15 17:31:17,650 INFO '测试添加英语资源，视频类型，知识点视频' 
2018-05-15 17:31:17,749 INFO '测试添加数学资源，音频类型，试题听力音频' 
2018-05-15 17:31:17,781 INFO '测试添加语文资源，图片类型，知识点讲义' 
2018-05-15 17:31:17,815 INFO '测试添加物理资源，富文本类型，知识点讲义' 
2018-05-16 15:48:31,828 INFO '测试添加英语资源，视频类型，知识点视频' 
2018-05-16 15:48:31,880 INFO '测试添加数学资源，音频类型，试题听力音频' 
2018-05-16 15:48:31,919 INFO '测试添加语文资源，图片类型，知识点讲义' 
2018-05-16 15:48:33,193 INFO '测试添加物理资源，富文本类型，知识点讲义' 
2018-05-16 16:20:36,433 ERROR '接口请求错误' 
2018-05-16 16:20:36,435 INFO '执行用例：测试添加英语资源，视频类型，知识点视频' 
2018-05-16 16:20:38,838 ERROR '接口请求错误' 
2018-05-16 16:20:38,841 INFO '执行用例：测试添加数学资源，音频类型，知识点基础视频' 
2018-05-16 16:20:41,282 ERROR '接口请求错误' 
2018-05-16 16:20:41,284 INFO '执行用例：测试添加物理资源，图片类型，视频听力视频' 
2018-05-16 16:20:43,584 ERROR '接口请求错误' 
2018-05-16 16:20:43,586 INFO '执行用例：测试添加语文资源，富文本，知识点基础视频缩略图' 
2018-05-16 16:20:45,931 ERROR '接口请求错误' 
2018-05-16 16:20:45,933 INFO '执行用例：测试添加语文资源，题目类型，知识点讲义' 
2018-05-16 16:20:47,024 INFO 'request http://xwapi.yx/v3/addSource' 
2018-05-16 16:20:47,027 INFO '执行用例：测试添加语文资源，题目类型，知识点练习题' 
2018-05-16 16:20:47,082 INFO 'request http://xwapi.yx/v3/searchSource' 
2018-05-16 16:20:47,085 INFO '执行用例：测试查询资源' 
2018-05-16 16:20:47,144 INFO 'request http://xwapi.yx/v3/editSource' 
2018-05-16 16:20:47,147 INFO '执行用例：' 
2018-05-16 16:22:47,914 INFO 'request http://xwapi.yx/v3/addSource' 
2018-05-16 16:22:47,915 INFO '执行用例：测试添加英语资源，视频类型，知识点视频' 
2018-05-16 16:22:47,950 INFO 'request http://xwapi.yx/v3/addSource' 
2018-05-16 16:22:47,951 INFO '执行用例：测试添加数学资源，音频类型，知识点基础视频' 
2018-05-16 16:22:47,985 INFO 'request http://xwapi.yx/v3/addSource' 
2018-05-16 16:22:47,986 INFO '执行用例：测试添加物理资源，图片类型，视频听力视频' 
2018-05-16 16:22:48,029 INFO 'request http://xwapi.yx/v3/addSource' 
2018-05-16 16:22:48,031 INFO '执行用例：测试添加语文资源，富文本，知识点基础视频缩略图' 
2018-05-16 16:22:48,065 INFO 'request http://xwapi.yx/v3/addSource' 
2018-05-16 16:22:48,066 INFO '执行用例：测试添加语文资源，题目类型，知识点讲义' 
2018-05-16 16:22:48,099 INFO 'request http://xwapi.yx/v3/addSource' 
2018-05-16 16:22:48,114 INFO '执行用例：测试添加语文资源，题目类型，知识点练习题' 
2018-05-16 16:22:48,148 INFO 'request http://xwapi.yx/v3/searchSource' 
2018-05-16 16:22:48,151 INFO '执行用例：测试查询资源' 
2018-05-16 16:22:48,183 INFO 'request http://xwapi.yx/v3/editSource' 
2018-05-16 16:22:48,184 INFO '执行用例：' 
2018-05-16 16:23:36,656 ERROR '接口请求错误' 
2018-05-16 16:23:36,657 INFO '执行用例：测试查询资源' 
2018-05-16 16:25:13,850 ERROR '接口请求错误' 
2018-05-16 16:25:13,851 INFO '执行用例：测试查询资源' 
2018-05-16 16:27:00,921 INFO 'request http://xwapi.yx/v3/searchSource' 
2018-05-16 16:27:00,923 INFO '执行用例：测试查询资源' 
2018-05-16 16:36:31,546 INFO 'request http://xwapi.yx/v3/searchSource' 
2018-05-16 16:36:31,550 INFO '执行用例：测试查询资源' 
2018-05-16 16:36:46,845 INFO 'request http://xwapi.yx/v3/searchSource' 
2018-05-16 16:36:46,846 INFO '执行用例：测试查询资源' 
2018-05-16 16:39:39,597 INFO '测试添加英语资源，视频类型，知识点视频' 
2018-05-16 16:39:39,637 INFO '测试添加数学资源，音频类型，试题听力音频' 
2018-05-16 16:39:39,671 INFO '测试添加语文资源，图片类型，知识点讲义' 
2018-05-16 16:39:39,709 INFO '测试添加物理资源，富文本类型，知识点讲义' 
2018-05-16 16:39:39,737 INFO 'request http://xwapi.yx/v3/searchSource' 
2018-05-16 16:39:39,738 INFO '执行用例：测试查询资源' 
2018-05-16 16:39:45,193 INFO '邮件发送成功' 
2018-05-30 17:10:20,332 INFO '测试添加英语资源，视频类型，知识点视频' 
2018-05-30 17:10:20,384 INFO '测试添加数学资源，音频类型，试题听力音频' 
2018-05-30 17:10:20,421 INFO '测试添加语文资源，图片类型，知识点讲义' 
2018-05-30 17:10:20,453 INFO '测试添加物理资源，富文本类型，知识点讲义' 
2018-05-30 17:10:20,488 INFO 'request http://xwapi.yx/v3/searchSource' 
2018-05-30 17:10:20,490 INFO '执行用例：测试查询资源' 
2018-05-30 17:10:27,250 ERROR '邮件发送失败' 
2018-05-30 17:11:33,015 INFO '测试添加英语资源，视频类型，知识点视频' 
2018-05-30 17:11:33,048 INFO '测试添加数学资源，音频类型，试题听力音频' 
2018-05-30 17:11:33,077 INFO '测试添加语文资源，图片类型，知识点讲义' 
2018-05-30 17:11:33,111 INFO '测试添加物理资源，富文本类型，知识点讲义' 
2018-05-30 17:11:33,141 INFO 'request http://xwapi.yx/v3/searchSource' 
2018-05-30 17:11:33,143 INFO '执行用例：测试查询资源' 
2018-05-30 17:11:37,851 INFO '邮件发送成功' 
2018-05-30 17:12:21,435 INFO '测试添加英语资源，视频类型，知识点视频' 
2018-05-30 17:12:21,477 INFO '测试添加数学资源，音频类型，试题听力音频' 
2018-05-30 17:12:21,518 INFO '测试添加语文资源，图片类型，知识点讲义' 
2018-05-30 17:12:21,601 INFO '测试添加物理资源，富文本类型，知识点讲义' 
2018-05-30 17:12:21,633 INFO 'request http://xwapi.yx/v3/searchSource' 
2018-05-30 17:12:21,635 INFO '执行用例：测试查询资源' 
2018-05-30 17:13:04,450 INFO '测试添加英语资源，视频类型，知识点视频' 
2018-05-30 17:13:04,480 INFO '测试添加数学资源，音频类型，试题听力音频' 
2018-05-30 17:13:04,516 INFO '测试添加语文资源，图片类型，知识点讲义' 
2018-05-30 17:13:04,548 INFO '测试添加物理资源，富文本类型，知识点讲义' 
2018-05-30 17:13:04,580 INFO 'request http://xwapi.yx/v3/searchSource' 
2018-05-30 17:13:04,582 INFO '执行用例：测试查询资源' 
2018-05-30 17:13:08,512 ERROR '邮件发送失败' 
2018-05-30 17:14:04,783 INFO '测试添加英语资源，视频类型，知识点视频' 
2018-05-30 17:14:04,813 INFO '测试添加数学资源，音频类型，试题听力音频' 
2018-05-30 17:14:04,846 INFO '测试添加语文资源，图片类型，知识点讲义' 
2018-05-30 17:14:04,885 INFO '测试添加物理资源，富文本类型，知识点讲义' 
2018-05-30 17:14:04,914 INFO 'request http://xwapi.yx/v3/searchSource' 
2018-05-30 17:14:04,915 INFO '执行用例：测试查询资源' 
2018-05-30 17:14:08,828 ERROR '邮件发送失败' 
2018-05-30 17:17:38,357 INFO '测试添加英语资源，视频类型，知识点视频' 
2018-05-30 17:17:38,416 INFO '测试添加数学资源，音频类型，试题听力音频' 
2018-05-30 17:17:38,451 INFO '测试添加语文资源，图片类型，知识点讲义' 
2018-05-30 17:17:38,484 INFO '测试添加物理资源，富文本类型，知识点讲义' 
2018-05-30 17:17:38,516 INFO 'request http://xwapi.yx/v3/searchSource' 
2018-05-30 17:17:38,517 INFO '执行用例：测试查询资源' 
2018-05-30 17:17:43,375 INFO '邮件发送成功' 
2018-05-30 17:18:26,188 INFO '测试添加英语资源，视频类型，知识点视频' 
2018-05-30 17:18:26,221 INFO '测试添加数学资源，音频类型，试题听力音频' 
2018-05-30 17:18:26,254 INFO '测试添加语文资源，图片类型，知识点讲义' 
2018-05-30 17:18:26,288 INFO '测试添加物理资源，富文本类型，知识点讲义' 
2018-05-30 17:18:26,318 INFO 'request http://xwapi.yx/v3/searchSource' 
2018-05-30 17:18:26,320 INFO '执行用例：测试查询资源' 
2018-05-30 17:18:31,286 INFO '邮件发送成功' 
2018-05-30 17:18:34,865 INFO '测试添加英语资源，视频类型，知识点视频' 
2018-05-30 17:18:34,895 INFO '测试添加数学资源，音频类型，试题听力音频' 
2018-05-30 17:18:34,929 INFO '测试添加语文资源，图片类型，知识点讲义' 
2018-05-30 17:18:34,962 INFO '测试添加物理资源，富文本类型，知识点讲义' 
2018-05-30 17:18:34,993 INFO 'request http://xwapi.yx/v3/searchSource' 
2018-05-30 17:18:34,994 INFO '执行用例：测试查询资源' 
2018-05-30 17:18:39,653 INFO '邮件发送成功' 
2018-05-30 17:23:54,779 INFO '测试添加英语资源，视频类型，知识点视频' 
2018-05-30 17:23:54,912 INFO '测试添加数学资源，音频类型，试题听力音频' 
2018-05-30 17:23:54,955 INFO '测试添加语文资源，图片类型，知识点讲义' 
2018-05-30 17:23:55,068 INFO '测试添加物理资源，富文本类型，知识点讲义' 
2018-06-05 16:45:45,698 INFO '测试添加英语资源，视频类型，知识点视频' 
2018-06-05 16:45:45,828 INFO '测试添加数学资源，音频类型，试题听力音频' 
2018-06-05 16:45:45,866 INFO '测试添加语文资源，图片类型，知识点讲义' 
2018-06-05 16:45:45,899 INFO '测试添加物理资源，富文本类型，知识点讲义' 
2018-06-05 16:45:45,934 INFO 'request http://xwapi.yx/v3/searchSource' 
2018-06-05 16:45:45,937 INFO '执行用例：测试查询资源' 
2018-06-05 16:45:52,005 INFO '邮件发送成功' 
2018-06-05 17:16:00,631 INFO '测试添加英语资源，视频类型，知识点视频' 
2018-06-05 17:16:00,678 INFO '测试添加数学资源，音频类型，试题听力音频' 
2018-06-05 17:16:00,716 INFO '测试添加语文资源，图片类型，知识点讲义' 
2018-06-05 17:16:00,755 INFO '测试添加物理资源，富文本类型，知识点讲义' 
2018-06-05 17:16:00,792 INFO 'request http://xwapi.yx/v3/searchSource' 
2018-06-05 17:16:00,796 INFO '执行用例：测试查询资源' 
2018-06-05 17:16:29,361 INFO '测试添加英语资源，视频类型，知识点视频' 
2018-06-05 17:16:29,391 INFO '测试添加数学资源，音频类型，试题听力音频' 
2018-06-05 17:16:29,421 INFO '测试添加语文资源，图片类型，知识点讲义' 
2018-06-05 17:16:29,453 INFO '测试添加物理资源，富文本类型，知识点讲义' 
2018-06-05 17:16:29,587 INFO 'request http://xwapi.yx/v3/searchSource' 
2018-06-05 17:16:29,589 INFO '执行用例：测试查询资源' 
2018-06-05 17:18:12,695 INFO '测试添加英语资源，视频类型，知识点视频' 
2018-06-05 17:18:12,734 INFO '测试添加数学资源，音频类型，试题听力音频' 
2018-06-05 17:18:12,771 INFO '测试添加语文资源，图片类型，知识点讲义' 
2018-06-05 17:18:12,813 INFO '测试添加物理资源，富文本类型，知识点讲义' 
2018-06-05 17:18:12,854 INFO 'request http://xwapi.yx/v3/searchSource' 
2018-06-05 17:18:12,857 INFO '执行用例：测试查询资源' 
2018-06-05 17:18:18,016 INFO '邮件发送成功' 
2018-06-05 17:19:27,341 INFO '测试添加英语资源，视频类型，知识点视频' 
2018-06-05 17:19:27,377 INFO '测试添加数学资源，音频类型，试题听力音频' 
2018-06-05 17:19:27,408 INFO '测试添加语文资源，图片类型，知识点讲义' 
2018-06-05 17:19:27,442 INFO '测试添加物理资源，富文本类型，知识点讲义' 
2018-06-05 17:19:27,471 INFO 'request http://xwapi.yx/v3/searchSource' 
2018-06-05 17:19:27,472 INFO '执行用例：测试查询资源' 
2018-06-05 17:19:32,186 INFO '邮件发送成功' 
2018-06-05 17:20:43,910 INFO '测试添加英语资源，视频类型，知识点视频' 
2018-06-05 17:20:43,956 INFO '测试添加数学资源，音频类型，试题听力音频' 
2018-06-05 17:20:43,986 INFO '测试添加语文资源，图片类型，知识点讲义' 
2018-06-05 17:20:44,019 INFO '测试添加物理资源，富文本类型，知识点讲义' 
2018-06-05 17:20:44,057 INFO 'request http://xwapi.yx/v3/searchSource' 
2018-06-05 17:20:44,060 INFO '执行用例：测试查询资源' 
2018-06-05 17:20:48,793 INFO '邮件发送成功' 
2018-06-05 17:24:32,578 INFO 'request http://xwapi.yx/v3/searchSource' 
2018-06-05 17:24:32,586 INFO '执行用例：测试查询资源' 
2018-06-05 17:27:12,215 INFO '测试添加英语资源，视频类型，知识点视频' 
2018-06-05 17:27:12,253 INFO '测试添加数学资源，音频类型，试题听力音频' 
2018-06-05 17:27:12,289 INFO '测试添加语文资源，图片类型，知识点讲义' 
2018-06-05 17:27:12,327 INFO '测试添加物理资源，富文本类型，知识点讲义' 
2018-06-05 17:27:12,364 INFO 'request http://xwapi.yx/v3/searchSource' 
2018-06-05 17:27:12,368 INFO '执行用例：测试查询资源' 
2018-06-05 17:27:12,401 INFO 'request http://xwapi.yx/v3/searchSource' 
2018-06-05 17:27:12,404 INFO '执行用例：测试查询资源2' 
2018-06-05 17:27:17,199 INFO '邮件发送成功' 
2018-06-05 17:40:55,454 INFO '测试添加英语资源，视频类型，知识点视频' 
2018-06-05 17:40:55,485 INFO '测试添加数学资源，音频类型，试题听力音频' 
2018-06-05 17:40:55,525 INFO '测试添加语文资源，图片类型，知识点讲义' 
2018-06-05 17:40:55,558 INFO '测试添加物理资源，富文本类型，知识点讲义' 
2018-06-05 17:40:55,592 INFO 'request http://xwapi.yx/v3/searchSource' 
2018-06-05 17:40:55,594 INFO '执行用例：测试查询资源' 
2018-06-05 17:40:55,626 INFO 'request http://xwapi.yx/v3/searchSource' 
2018-06-05 17:40:55,628 INFO '执行用例：测试查询资源2' 
2018-06-05 17:41:33,244 INFO '测试添加英语资源，视频类型，知识点视频' 
2018-06-05 17:41:33,280 INFO '测试添加数学资源，音频类型，试题听力音频' 
2018-06-05 17:41:33,318 INFO '测试添加语文资源，图片类型，知识点讲义' 
2018-06-05 17:41:33,356 INFO '测试添加物理资源，富文本类型，知识点讲义' 
2018-06-05 17:41:33,389 INFO 'request http://xwapi.yx/v3/searchSource' 
2018-06-05 17:41:33,391 INFO '执行用例：测试查询资源' 
2018-06-05 17:41:33,421 INFO 'request http://xwapi.yx/v3/searchSource' 
2018-06-05 17:41:33,424 INFO '执行用例：测试查询资源2' 
2018-06-05 17:41:38,613 INFO '邮件发送成功' 
2018-06-05 17:47:13,513 INFO '测试添加英语资源，视频类型，知识点视频' 
2018-06-05 17:47:13,544 INFO '测试添加数学资源，音频类型，试题听力音频' 
2018-06-05 17:47:13,578 INFO '测试添加语文资源，图片类型，知识点讲义' 
2018-06-05 17:47:13,610 INFO '测试添加物理资源，富文本类型，知识点讲义' 
2018-06-05 17:47:13,641 INFO 'request http://xwapi.yx/v3/searchSource' 
2018-06-05 17:47:13,644 INFO '执行用例：测试查询资源' 
2018-06-05 17:47:13,684 INFO 'request http://xwapi.yx/v3/searchSource' 
2018-06-05 17:47:13,687 INFO '执行用例：测试查询资源2' 
2018-06-05 17:47:19,608 INFO '邮件发送成功' 
2018-06-05 17:49:28,088 INFO '测试添加英语资源，视频类型，知识点视频' 
2018-06-05 17:49:28,120 INFO '测试添加数学资源，音频类型，试题听力音频' 
2018-06-05 17:49:28,151 INFO '测试添加语文资源，图片类型，知识点讲义' 
2018-06-05 17:49:28,185 INFO '测试添加物理资源，富文本类型，知识点讲义' 
2018-06-05 17:49:28,220 INFO 'request http://xwapi.yx/v3/searchSource' 
2018-06-05 17:49:28,223 INFO '执行用例：测试查询资源' 
2018-06-05 17:49:28,262 INFO 'request http://xwapi.yx/v3/searchSource' 
2018-06-05 17:49:28,265 INFO '执行用例：测试查询资源2' 
2018-06-05 17:49:33,346 INFO '邮件发送成功' 
2018-06-05 17:51:36,481 INFO '测试添加英语资源，视频类型，知识点视频' 
2018-06-05 17:51:36,520 INFO '测试添加数学资源，音频类型，试题听力音频' 
2018-06-05 17:51:36,557 INFO '测试添加语文资源，图片类型，知识点讲义' 
2018-06-05 17:51:36,595 INFO '测试添加物理资源，富文本类型，知识点讲义' 
2018-06-05 17:51:36,629 INFO 'request http://xwapi.yx/v3/searchSource' 
2018-06-05 17:51:36,633 INFO '执行用例：测试查询资源' 
2018-06-05 17:51:36,670 INFO 'request http://xwapi.yx/v3/searchSource' 
2018-06-05 17:51:36,674 INFO '执行用例：测试查询资源2' 
2018-06-05 17:51:42,129 INFO '邮件发送成功' 
2018-06-05 17:53:32,386 INFO '测试添加英语资源，视频类型，知识点视频' 
2018-06-05 17:53:32,423 INFO '测试添加数学资源，音频类型，试题听力音频' 
2018-06-05 17:53:32,456 INFO '测试添加语文资源，图片类型，知识点讲义' 
2018-06-05 17:53:32,493 INFO '测试添加物理资源，富文本类型，知识点讲义' 
2018-06-05 17:53:32,528 INFO 'request http://xwapi.yx/v3/searchSource' 
2018-06-05 17:53:32,532 INFO '执行用例：测试查询资源' 
2018-06-05 17:53:32,566 INFO 'request http://xwapi.yx/v3/searchSource' 
2018-06-05 17:53:32,569 INFO '执行用例：测试查询资源2' 
2018-06-05 17:53:37,692 INFO '邮件发送成功' 
2018-06-05 17:55:30,638 INFO '测试添加英语资源，视频类型，知识点视频' 
2018-06-05 17:55:30,675 INFO '测试添加数学资源，音频类型，试题听力音频' 
2018-06-05 17:55:30,720 INFO '测试添加语文资源，图片类型，知识点讲义' 
2018-06-05 17:55:30,841 INFO '测试添加物理资源，富文本类型，知识点讲义' 
2018-06-05 17:55:30,877 INFO 'request http://xwapi.yx/v3/searchSource' 
2018-06-05 17:55:30,881 INFO '执行用例：测试查询资源' 
2018-06-05 17:55:30,916 INFO 'request http://xwapi.yx/v3/searchSource' 
2018-06-05 17:55:30,920 INFO '执行用例：测试查询资源2' 
2018-06-05 17:55:36,059 INFO '邮件发送成功' 
2018-06-05 17:59:37,345 INFO '测试添加英语资源，视频类型，知识点视频' 
2018-06-05 17:59:37,376 INFO '测试添加数学资源，音频类型，试题听力音频' 
2018-06-05 17:59:37,407 INFO '测试添加语文资源，图片类型，知识点讲义' 
2018-06-05 17:59:37,440 INFO '测试添加物理资源，富文本类型，知识点讲义' 
2018-06-05 17:59:37,475 INFO 'request http://xwapi.yx/v3/searchSource' 
2018-06-05 17:59:37,478 INFO '执行用例：测试查询资源' 
2018-06-05 17:59:37,510 INFO 'request http://xwapi.yx/v3/searchSource' 
2018-06-05 17:59:37,513 INFO '执行用例：测试查询资源2' 
2018-06-05 17:59:42,722 INFO '邮件发送成功' 
2018-06-05 18:07:18,735 INFO '测试添加英语资源，视频类型，知识点视频' 
2018-06-05 18:07:18,765 INFO '测试添加数学资源，音频类型，试题听力音频' 
2018-06-05 18:07:18,807 INFO '测试添加语文资源，图片类型，知识点讲义' 
2018-06-05 18:07:18,852 INFO '测试添加物理资源，富文本类型，知识点讲义' 
2018-06-05 18:07:18,886 INFO 'request http://xwapi.yx/v3/searchSource' 
2018-06-05 18:07:18,889 INFO '执行用例：测试查询资源' 
2018-06-05 18:07:18,923 INFO 'request http://xwapi.yx/v3/searchSource' 
2018-06-05 18:07:18,926 INFO '执行用例：测试查询资源2' 
2018-06-05 18:07:24,239 INFO '邮件发送成功' 
2018-06-05 18:15:36,311 INFO '测试添加英语资源，视频类型，知识点视频' 
2018-06-05 18:15:36,343 INFO '测试添加数学资源，音频类型，试题听力音频' 
2018-06-05 18:15:36,380 INFO '测试添加语文资源，图片类型，知识点讲义' 
2018-06-05 18:15:36,416 INFO '测试添加物理资源，富文本类型，知识点讲义' 
2018-06-05 18:15:36,451 INFO 'request http://xwapi.yx/v3/searchSource' 
2018-06-05 18:15:36,454 INFO '执行用例：测试查询资源' 
2018-06-05 18:15:36,487 INFO 'request http://xwapi.yx/v3/searchSource' 
2018-06-05 18:15:36,490 INFO '执行用例：测试查询资源2' 
2018-06-05 18:15:41,937 INFO '邮件发送成功' 
2018-06-05 18:17:20,576 ERROR '接口请求错误' 
2018-06-05 18:17:20,580 INFO '执行用例：测试查询资源' 
2018-06-05 18:17:22,918 ERROR '接口请求错误' 
2018-06-05 18:17:22,922 INFO '执行用例：测试查询资源2' 
2018-06-05 18:17:27,979 INFO '邮件发送成功' 
2018-06-05 18:18:19,786 ERROR '接口请求错误' 
2018-06-05 18:18:19,790 INFO '执行用例：测试查询资源' 
2018-06-05 18:18:22,073 ERROR '接口请求错误' 
2018-06-05 18:18:22,076 INFO '执行用例：测试查询资源2' 
2018-06-05 18:18:27,054 INFO '邮件发送成功' 
2018-06-05 18:19:17,487 ERROR '接口请求错误' 
2018-06-05 18:19:17,489 INFO '执行用例：测试查询资源' 
2018-06-05 18:19:19,770 ERROR '接口请求错误' 
2018-06-05 18:19:19,772 INFO '执行用例：测试查询资源2' 
2018-06-05 18:19:24,809 INFO '邮件发送成功' 
2018-06-05 18:20:56,569 INFO '测试添加英语资源，视频类型，知识点视频' 
2018-06-05 18:20:56,625 INFO '测试添加数学资源，音频类型，试题听力音频' 
2018-06-05 18:20:56,656 INFO '测试添加语文资源，图片类型，知识点讲义' 
2018-06-05 18:20:56,685 INFO '测试添加物理资源，富文本类型，知识点讲义' 
2018-06-05 18:20:56,715 INFO 'request http://xwapi.yx/v3/searchSource' 
2018-06-05 18:20:56,716 INFO '执行用例：测试查询资源' 
2018-06-05 18:20:56,747 INFO 'request http://xwapi.yx/v3/searchSource' 
2018-06-05 18:20:56,748 INFO '执行用例：测试查询资源2' 
2018-06-05 18:21:03,927 INFO '邮件发送成功' 
2018-06-05 18:23:45,049 INFO '测试添加英语资源，视频类型，知识点视频' 
2018-06-05 18:23:45,084 INFO '测试添加数学资源，音频类型，试题听力音频' 
2018-06-05 18:23:45,119 INFO '测试添加语文资源，图片类型，知识点讲义' 
2018-06-05 18:23:45,166 INFO '测试添加物理资源，富文本类型，知识点讲义' 
2018-06-05 18:23:45,200 INFO 'request http://xwapi.yx/v3/searchSource' 
2018-06-05 18:23:45,202 INFO '执行用例：测试查询资源' 
2018-06-05 18:23:45,234 INFO 'request http://xwapi.yx/v3/searchSource' 
2018-06-05 18:23:45,236 INFO '执行用例：测试查询资源2' 
2018-06-05 18:23:50,271 INFO '邮件发送成功' 
2018-06-05 18:24:38,154 INFO '测试添加英语资源，视频类型，知识点视频' 
2018-06-05 18:24:38,223 INFO '测试添加数学资源，音频类型，试题听力音频' 
2018-06-05 18:24:38,324 INFO '测试添加语文资源，图片类型，知识点讲义' 
2018-06-05 18:24:38,399 INFO '测试添加物理资源，富文本类型，知识点讲义' 
2018-06-05 18:24:38,452 INFO 'request http://xwapi.yx/v3/searchSource' 
2018-06-05 18:24:38,453 INFO '执行用例：测试查询资源' 
2018-06-05 18:24:38,490 INFO 'request http://xwapi.yx/v3/searchSource' 
2018-06-05 18:24:38,492 INFO '执行用例：测试查询资源2' 
2018-06-05 18:24:43,922 INFO '邮件发送成功' 
2018-06-05 18:26:21,348 INFO '测试添加英语资源，视频类型，知识点视频' 
2018-06-05 18:26:21,425 INFO '测试添加数学资源，音频类型，试题听力音频' 
2018-06-05 18:26:21,466 INFO '测试添加语文资源，图片类型，知识点讲义' 
2018-06-05 18:26:21,516 INFO '测试添加物理资源，富文本类型，知识点讲义' 
2018-06-05 18:26:21,554 INFO 'request http://xwapi.yx/v3/searchSource' 
2018-06-05 18:26:21,556 INFO '执行用例：测试查询资源' 
2018-06-05 18:26:21,591 INFO 'request http://xwapi.yx/v3/searchSource' 
2018-06-05 18:26:21,593 INFO '执行用例：测试查询资源2' 
2018-06-05 18:26:26,922 INFO '邮件发送成功' 
2018-06-05 18:27:28,391 INFO '测试添加英语资源，视频类型，知识点视频' 
2018-06-05 18:27:28,454 INFO '测试添加数学资源，音频类型，试题听力音频' 
2018-06-05 18:27:28,517 INFO '测试添加语文资源，图片类型，知识点讲义' 
2018-06-05 18:27:28,578 INFO '测试添加物理资源，富文本类型，知识点讲义' 
2018-06-05 18:27:28,657 INFO 'request http://xwapi.yx/v3/searchSource' 
2018-06-05 18:27:28,659 INFO '执行用例：测试查询资源' 
2018-06-05 18:27:28,732 INFO 'request http://xwapi.yx/v3/searchSource' 
2018-06-05 18:27:28,734 INFO '执行用例：测试查询资源2' 
2018-06-05 18:27:33,717 INFO '邮件发送成功' 
2018-06-05 18:30:15,039 INFO '测试添加英语资源，视频类型，知识点视频' 
2018-06-05 18:30:15,122 INFO '测试添加数学资源，音频类型，试题听力音频' 
2018-06-05 18:30:15,218 INFO '测试添加语文资源，图片类型，知识点讲义' 
2018-06-05 18:30:15,268 INFO '测试添加物理资源，富文本类型，知识点讲义' 
2018-06-05 18:30:15,336 INFO 'request http://xwapi.yx/v3/searchSource' 
2018-06-05 18:30:15,337 INFO '执行用例：测试查询资源' 
2018-06-05 18:30:15,498 INFO 'request http://xwapi.yx/v3/searchSource' 
2018-06-05 18:30:15,500 INFO '执行用例：测试查询资源2' 
2018-06-05 18:30:20,905 INFO '邮件发送成功' 
